# JRE version: Java(TM) SE Runtime Environment (8.0_111-b14) (build 1.8.0_111-b14)
# Java VM: Java HotSpot(TM) 64-Bit Server VM (25.111-b14 mixed mode windows-amd64 compressed oops)
Heap:
 PSYoungGen      total 30208K, used 16696K [0x00000000f5580000, 0x00000000f8980000, 0x0000000100000000)
  eden space 9216K, 35% used [0x00000000f5580000,0x00000000f58aece0,0x00000000f5e80000)
  from space 20992K, 64% used [0x00000000f5e80000,0x00000000f6b9f5b8,0x00000000f7300000)
  to   space 21504K, 0% used [0x00000000f7480000,0x00000000f7480000,0x00000000f8980000)
 ParOldGen       total 124416K, used 117006K [0x00000000e0000000, 0x00000000e7980000, 0x00000000f5580000)
  object space 124416K, 94% used [0x00000000e0000000,0x00000000e7243bd0,0x00000000e7980000)
 Metaspace       used 25826K, capacity 27470K, committed 27776K, reserved 1073152K
  class space    used 3539K, capacity 3849K, committed 3968K, reserved 1048576K
GC Heap History (10 events):
Event: 21.604 GC heap before
{Heap before GC invocations=14 (full 3):
 PSYoungGen      total 21504K, used 13270K [0x00000000f5580000, 0x00000000f7c00000, 0x0000000100000000)
  eden space 11264K, 100% used [0x00000000f5580000,0x00000000f6080000,0x00000000f6080000)
  from space 10240K, 19% used [0x00000000f6d00000,0x00000000f6ef59a8,0x00000000f7700000)
  to   space 12800K, 0% used [0x00000000f6080000,0x00000000f6080000,0x00000000f6d00000)
 ParOldGen       total 124416K, used 111047K [0x00000000e0000000, 0x00000000e7980000, 0x00000000f5580000)
  object space 124416K, 89% used [0x00000000e0000000,0x00000000e6c71f50,0x00000000e7980000)
 Metaspace       used 24080K, capacity 25570K, committed 25728K, reserved 1071104K
  class space    used 3380K, capacity 3667K, committed 3712K, reserved 1048576K
Event: 21.633 GC heap after
Heap after GC invocations=14 (full 3):
 PSYoungGen      total 24064K, used 10992K [0x00000000f5580000, 0x00000000f7d00000, 0x0000000100000000)
  eden space 11264K, 0% used [0x00000000f5580000,0x00000000f5580000,0x00000000f6080000)
  from space 12800K, 85% used [0x00000000f6080000,0x00000000f6b3c098,0x00000000f6d00000)
  to   space 13824K, 0% used [0x00000000f6f80000,0x00000000f6f80000,0x00000000f7d00000)
 ParOldGen       total 124416K, used 115151K [0x00000000e0000000, 0x00000000e7980000, 0x00000000f5580000)
  object space 124416K, 92% used [0x00000000e0000000,0x00000000e7073f70,0x00000000e7980000)
 Metaspace       used 24080K, capacity 25570K, committed 25728K, reserved 1071104K
  class space    used 3380K, capacity 3667K, committed 3712K, reserved 1048576K
}
Event: 22.330 GC heap before
{Heap before GC invocations=15 (full 3):
 PSYoungGen      total 24064K, used 22256K [0x00000000f5580000, 0x00000000f7d00000, 0x0000000100000000)
  eden space 11264K, 100% used [0x00000000f5580000,0x00000000f6080000,0x00000000f6080000)
  from space 12800K, 85% used [0x00000000f6080000,0x00000000f6b3c098,0x00000000f6d00000)
  to   space 13824K, 0% used [0x00000000f6f80000,0x00000000f6f80000,0x00000000f7d00000)
 ParOldGen       total 124416K, used 115151K [0x00000000e0000000, 0x00000000e7980000, 0x00000000f5580000)
  object space 124416K, 92% used [0x00000000e0000000,0x00000000e7073f70,0x00000000e7980000)
 Metaspace       used 24357K, capacity 26008K, committed 26240K, reserved 1071104K
  class space    used 3404K, capacity 3712K, committed 3712K, reserved 1048576K
Event: 22.363 GC heap after
Heap after GC invocations=15 (full 3):
 PSYoungGen      total 24576K, used 13792K [0x00000000f5580000, 0x00000000f8100000, 0x0000000100000000)
  eden space 10752K, 0% used [0x00000000f5580000,0x00000000f5580000,0x00000000f6000000)
  from space 13824K, 99% used [0x00000000f6f80000,0x00000000f7cf80a8,0x00000000f7d00000)
  to   space 15872K, 0% used [0x00000000f6000000,0x00000000f6000000,0x00000000f6f80000)
 ParOldGen       total 124416K, used 115159K [0x00000000e0000000, 0x00000000e7980000, 0x00000000f5580000)
  object space 124416K, 92% used [0x00000000e0000000,0x00000000e7075f70,0x00000000e7980000)
 Metaspace       used 24357K, capacity 26008K, committed 26240K, reserved 1071104K
  class space    used 3404K, capacity 3712K, committed 3712K, reserved 1048576K
}
Event: 33.871 GC heap before
{Heap before GC invocations=16 (full 3):
 PSYoungGen      total 24576K, used 22629K [0x00000000f5580000, 0x00000000f8100000, 0x0000000100000000)
  eden space 10752K, 82% used [0x00000000f5580000,0x00000000f5e213b0,0x00000000f6000000)
  from space 13824K, 99% used [0x00000000f6f80000,0x00000000f7cf80a8,0x00000000f7d00000)
  to   space 15872K, 0% used [0x00000000f6000000,0x00000000f6000000,0x00000000f6f80000)
 ParOldGen       total 124416K, used 115159K [0x00000000e0000000, 0x00000000e7980000, 0x00000000f5580000)
  object space 124416K, 92% used [0x00000000e0000000,0x00000000e7075f70,0x00000000e7980000)
 Metaspace       used 24837K, capacity 26454K, committed 26624K, reserved 1073152K
  class space    used 3436K, capacity 3747K, committed 3840K, reserved 1048576K
Event: 33.906 GC heap after
Heap after GC invocations=16 (full 3):
 PSYoungGen      total 26624K, used 14096K [0x00000000f5580000, 0x00000000f8480000, 0x0000000100000000)
  eden space 10752K, 0% used [0x00000000f5580000,0x00000000f5580000,0x00000000f6000000)
  from space 15872K, 88% used [0x00000000f6000000,0x00000000f6dc4098,0x00000000f6f80000)
  to   space 17920K, 0% used [0x00000000f7300000,0x00000000f7300000,0x00000000f8480000)
 ParOldGen       total 124416K, used 115167K [0x00000000e0000000, 0x00000000e7980000, 0x00000000f5580000)
  object space 124416K, 92% used [0x00000000e0000000,0x00000000e7077f70,0x00000000e7980000)
 Metaspace       used 24837K, capacity 26454K, committed 26624K, reserved 1073152K
  class space    used 3436K, capacity 3747K, committed 3840K, reserved 1048576K
}
Event: 34.572 GC heap before
{Heap before GC invocations=17 (full 3):
 PSYoungGen      total 26624K, used 24848K [0x00000000f5580000, 0x00000000f8480000, 0x0000000100000000)
  eden space 10752K, 100% used [0x00000000f5580000,0x00000000f6000000,0x00000000f6000000)
  from space 15872K, 88% used [0x00000000f6000000,0x00000000f6dc4098,0x00000000f6f80000)
  to   space 17920K, 0% used [0x00000000f7300000,0x00000000f7300000,0x00000000f8480000)
 ParOldGen       total 124416K, used 115167K [0x00000000e0000000, 0x00000000e7980000, 0x00000000f5580000)
  object space 124416K, 92% used [0x00000000e0000000,0x00000000e7077f70,0x00000000e7980000)
 Metaspace       used 25708K, capacity 27290K, committed 27392K, reserved 1073152K
  class space    used 3530K, capacity 3813K, committed 3840K, reserved 1048576K
Event: 34.604 GC heap after
Heap after GC invocations=17 (full 3):
 PSYoungGen      total 27136K, used 17913K [0x00000000f5580000, 0x00000000f8a80000, 0x0000000100000000)
  eden space 9216K, 0% used [0x00000000f5580000,0x00000000f5580000,0x00000000f5e80000)
  from space 17920K, 99% used [0x00000000f7300000,0x00000000f847e4a8,0x00000000f8480000)
  to   space 20992K, 0% used [0x00000000f5e80000,0x00000000f5e80000,0x00000000f7300000)
 ParOldGen       total 124416K, used 115633K [0x00000000e0000000, 0x00000000e7980000, 0x00000000f5580000)
  object space 124416K, 92% used [0x00000000e0000000,0x00000000e70ec790,0x00000000e7980000)
 Metaspace       used 25708K, capacity 27290K, committed 27392K, reserved 1073152K
  class space    used 3530K, capacity 3813K, committed 3840K, reserved 1048576K
}
Event: 36.014 GC heap before
{Heap before GC invocations=18 (full 3):
 PSYoungGen      total 27136K, used 27129K [0x00000000f5580000, 0x00000000f8a80000, 0x0000000100000000)
  eden space 9216K, 100% used [0x00000000f5580000,0x00000000f5e80000,0x00000000f5e80000)
  from space 17920K, 99% used [0x00000000f7300000,0x00000000f847e4a8,0x00000000f8480000)
  to   space 20992K, 0% used [0x00000000f5e80000,0x00000000f5e80000,0x00000000f7300000)
 ParOldGen       total 124416K, used 115633K [0x00000000e0000000, 0x00000000e7980000, 0x00000000f5580000)
  object space 124416K, 92% used [0x00000000e0000000,0x00000000e70ec790,0x00000000e7980000)
 Metaspace       used 25786K, capacity 27386K, committed 27776K, reserved 1073152K
  class space    used 3537K, capacity 3845K, committed 3968K, reserved 1048576K
Event: 36.044 GC heap after
Heap after GC invocations=18 (full 3):
 PSYoungGen      total 30208K, used 13437K [0x00000000f5580000, 0x00000000f8980000, 0x0000000100000000)
  eden space 9216K, 0% used [0x00000000f5580000,0x00000000f5580000,0x00000000f5e80000)
  from space 20992K, 64% used [0x00000000f5e80000,0x00000000f6b9f5b8,0x00000000f7300000)
  to   space 21504K, 0% used [0x00000000f7480000,0x00000000f7480000,0x00000000f8980000)
 ParOldGen       total 124416K, used 117006K [0x00000000e0000000, 0x00000000e7980000, 0x00000000f5580000)
  object space 124416K, 94% used [0x00000000e0000000,0x00000000e7243bd0,0x00000000e7980000)
 Metaspace       used 25786K, capacity 27386K, committed 27776K, reserved 1073152K
  class space    used 3537K, capacity 3845K, committed 3968K, reserved 1048576K
}

